<?xml version="1.0" encoding="UTF-8"?>
<!-- Generated by org.testng.reporters.JUnitReportReporter -->
<testsuite hostname="LAXMANREDDY" failures="0" tests="1" name="DriverFactory.DriverScript" time="104.453" errors="0" timestamp="2024-01-08T13:20:48 IST" skipped="0">
  <testcase classname="DriverFactory.DriverScript" name="starttest" time="104.453"/>
  <system-out>
    <![CDATA[rowcount:14
username and password are valid
Incorrect user ID or passworddashboard-----http://webapp.qedgetech.com/login.php
Incorrect user ID or passworddashboard-----http://webapp.qedgetech.com/login.php
Incorrect user ID or passworddashboard-----http://webapp.qedgetech.com/login.php
Incorrect user ID or passworddashboard-----http://webapp.qedgetech.com/login.php
username and password are valid
Incorrect user ID or passworddashboard-----http://webapp.qedgetech.com/login.php
Incorrect user ID or passworddashboard-----http://webapp.qedgetech.com/login.php
Incorrect user ID or passworddashboard-----http://webapp.qedgetech.com/login.php
Incorrect user ID or passworddashboard-----http://webapp.qedgetech.com/login.php
Incorrect user ID or passworddashboard-----http://webapp.qedgetech.com/login.php
username and password are valid
Incorrect user ID or passworddashboard-----http://webapp.qedgetech.com/login.php
Incorrect user ID or passworddashboard-----http://webapp.qedgetech.com/login.php]]>
  </system-out>
</testsuite> <!-- DriverFactory.DriverScript -->
